TN:
SF:src/DepositAutomation.sol
FN:45,DepositAutomation.checkLog
FNDA:0,DepositAutomation.checkLog
DA:47,0
DA:51,0
DA:54,0
BRDA:54,0,0,-
BRDA:54,0,1,-
DA:55,0
DA:59,0
DA:60,0
DA:70,0
DA:71,0
DA:74,0
DA:75,0
DA:76,0
DA:80,0
DA:81,0
DA:82,0
DA:86,0
DA:89,0
FN:96,DepositAutomation.checkCallback
FNDA:0,DepositAutomation.checkCallback
DA:101,0
FN:114,DepositAutomation.performUpkeep
FNDA:0,DepositAutomation.performUpkeep
DA:115,0
DA:116,0
DA:117,0
DA:118,0
DA:119,0
FNF:3
FNH:0
LF:22
LH:0
BRF:2
BRH:0
end_of_record
TN:
SF:src/GMXAutomationBase.sol
FN:41,GMXAutomationBase.withdraw
FNDA:2,GMXAutomationBase.withdraw
DA:42,1
FN:53,GMXAutomationBase._pushPropFeedIdsToSet
FNDA:2,GMXAutomationBase._pushPropFeedIdsToSet
DA:54,2
BRDA:54,0,0,1
BRDA:54,0,1,2
DA:55,2
DA:56,2
BRDA:56,1,0,1
BRDA:56,1,1,2
DA:57,1
DA:61,2
BRDA:61,2,0,-
BRDA:61,2,1,2
DA:62,2
DA:63,2
BRDA:63,3,0,-
BRDA:63,3,1,2
DA:64,0
DA:68,2
BRDA:68,4,0,1
BRDA:68,4,1,2
DA:69,2
DA:70,2
BRDA:70,5,0,1
BRDA:70,5,1,2
DA:71,1
FN:79,GMXAutomationBase._flushFeedIdSet
FNDA:258,GMXAutomationBase._flushFeedIdSet
DA:80,258
DA:81,258
DA:82,32678
DA:83,32420
DA:84,32420
DA:85,32420
DA:86,32420
FN:93,GMXAutomationBase._toHexString
FNDA:32423,GMXAutomationBase._toHexString
DA:94,32423
DA:96,32423
DA:97,32423
DA:99,32423
DA:100,1037536
DA:101,1037536
DA:104,32423
FNF:4
FNH:4
LF:27
LH:26
BRF:12
BRH:10
end_of_record
TN:
SF:src/MarketAutomation.sol
FN:54,MarketAutomation.checkLog
FNDA:259,MarketAutomation.checkLog
DA:56,259
DA:60,259
DA:63,259
BRDA:63,0,0,257
BRDA:63,0,1,2
DA:64,257
DA:68,2
DA:72,2
DA:73,1
BRDA:71,1,0,1
BRDA:71,1,1,1
DA:75,1
DA:85,1
DA:86,1
DA:89,1
DA:90,1
DA:91,1
DA:95,1
DA:98,1
FN:105,MarketAutomation.checkCallback
FNDA:256,MarketAutomation.checkCallback
DA:110,256
FN:123,MarketAutomation.performUpkeep
FNDA:256,MarketAutomation.performUpkeep
DA:124,256
DA:125,256
DA:126,256
DA:127,256
FNF:3
FNH:3
LF:20
LH:20
BRF:4
BRH:4
end_of_record
TN:
SF:src/WithdrawalAutomation.sol
FN:45,WithdrawalAutomation.checkLog
FNDA:0,WithdrawalAutomation.checkLog
DA:47,0
DA:51,0
DA:54,0
BRDA:54,0,0,-
BRDA:54,0,1,-
DA:55,0
DA:59,0
DA:65,0
DA:66,0
DA:69,0
DA:72,0
FN:79,WithdrawalAutomation.checkCallback
FNDA:0,WithdrawalAutomation.checkCallback
DA:84,0
FN:97,WithdrawalAutomation.performUpkeep
FNDA:0,WithdrawalAutomation.performUpkeep
DA:98,0
DA:99,0
DA:100,0
DA:101,0
DA:102,0
FNF:3
FNH:0
LF:15
LH:0
BRF:2
BRH:0
end_of_record
TN:
SF:src/libraries/LibGMXEventLogDecoder.sol
FN:48,LibGMXEventLogDecoder.decodeEventLog
FNDA:0,LibGMXEventLogDecoder.decodeEventLog
DA:54,0
BRDA:54,0,0,-
BRDA:54,0,1,-
DA:55,0
DA:58,0
FN:69,LibGMXEventLogDecoder.decodeEventData
FNDA:0,LibGMXEventLogDecoder.decodeEventData
DA:82,0
DA:83,0
DA:84,0
BRDA:84,1,0,-
BRDA:84,1,1,-
DA:85,0
DA:86,0
DA:91,0
DA:92,0
DA:93,0
BRDA:93,2,0,-
BRDA:93,2,1,-
DA:94,0
DA:95,0
DA:100,0
DA:101,0
DA:102,0
BRDA:102,3,0,-
BRDA:102,3,1,-
DA:103,0
DA:104,0
DA:109,0
DA:110,0
DA:111,0
BRDA:111,4,0,-
BRDA:111,4,1,-
DA:112,0
DA:114,0
BRDA:114,5,0,-
BRDA:114,5,1,-
DA:115,0
DA:117,0
BRDA:117,6,0,-
BRDA:117,6,1,-
DA:118,0
FNF:2
FNH:0
LF:26
LH:0
BRF:14
BRH:0
end_of_record
TN:
SF:test/TestData.sol
FN:22,TestData._generateValidLog
FNDA:0,TestData._generateValidLog
DA:34,0
DA:35,0
DA:36,0
FN:52,TestData._generateValidEventData
FNDA:0,TestData._generateValidEventData
DA:60,0
DA:61,0
DA:62,0
DA:63,0
DA:64,0
DA:65,0
DA:66,0
DA:68,0
DA:69,0
DA:70,0
DA:71,0
DA:73,0
DA:74,0
DA:75,0
DA:76,0
DA:77,0
DA:78,0
DA:79,0
DA:80,0
DA:81,0
DA:82,0
DA:83,0
DA:85,0
DA:86,0
DA:87,0
DA:88,0
DA:90,0
DA:91,0
FN:94,TestData._realEventLog2Data_orderType5
FNDA:0,TestData._realEventLog2Data_orderType5
DA:96,0
DA:97,0
DA:98,0
DA:99,0
DA:100,0
DA:101,0
FNF:3
FNH:0
LF:37
LH:0
BRF:0
BRH:0
end_of_record
TN:
SF:test/helpers/GMXAutomationBaseHelper.sol
FN:18,GMXAutomationBaseHelper.pushPropFeedIdsToSet
FNDA:0,GMXAutomationBaseHelper.pushPropFeedIdsToSet
DA:19,0
FN:22,GMXAutomationBaseHelper.flushFeedIdSet
FNDA:257,GMXAutomationBaseHelper.flushFeedIdSet
DA:23,257
FN:26,GMXAutomationBaseHelper.toHexString
FNDA:3,GMXAutomationBaseHelper.toHexString
DA:27,3
FN:30,GMXAutomationBaseHelper.feedIdSetAdd
FNDA:32748,GMXAutomationBaseHelper.feedIdSetAdd
DA:31,32748
FN:34,GMXAutomationBaseHelper.feedIdSetLength
FNDA:256,GMXAutomationBaseHelper.feedIdSetLength
DA:35,256
FN:38,GMXAutomationBaseHelper.feedIdSetContains
FNDA:0,GMXAutomationBaseHelper.feedIdSetContains
DA:39,0
FN:42,GMXAutomationBaseHelper.feedIdSetAt
FNDA:0,GMXAutomationBaseHelper.feedIdSetAt
DA:43,0
FN:46,GMXAutomationBaseHelper.feedIdSetValues
FNDA:0,GMXAutomationBaseHelper.feedIdSetValues
DA:47,0
FNF:8
FNH:4
LF:8
LH:4
BRF:0
BRH:0
end_of_record
